⚠️ RSI missing! Calculating RSI before RL training...
Using cpu device
Wrapping the env with a `Monitor` wrapper
Wrapping the env in a DummyVecEnv.
-----------------------------
| time/              |      |
|    fps             | 7339 |
|    iterations      | 1    |
|    time_elapsed    | 0    |
|    total_timesteps | 2048 |
-----------------------------
-----------------------------------------
| time/                   |             |
|    fps                  | 5166        |
|    iterations           | 2           |
|    time_elapsed         | 0           |
|    total_timesteps      | 4096        |
| train/                  |             |
|    approx_kl            | 0.015014568 |
|    clip_fraction        | 0.193       |
|    clip_range           | 0.2         |
|    entropy_loss         | -1.42       |
|    explained_variance   | -0.0124     |
|    learning_rate        | 0.0003      |
|    loss                 | 1.91        |
|    n_updates            | 10          |
|    policy_gradient_loss | -0.023      |
|    std                  | 0.99        |
|    value_loss           | 26.9        |
-----------------------------------------
-----------------------------------------
| time/                   |             |
|    fps                  | 4743        |
|    iterations           | 3           |
|    time_elapsed         | 1           |
|    total_timesteps      | 6144        |
| train/                  |             |
|    approx_kl            | 0.015164439 |
|    clip_fraction        | 0.163       |
|    clip_range           | 0.2         |
|    entropy_loss         | -1.4        |
|    explained_variance   | -0.175      |
|    learning_rate        | 0.0003      |
|    loss                 | 1.47        |
|    n_updates            | 20          |
|    policy_gradient_loss | -0.0194     |
|    std                  | 0.96        |
|    value_loss           | 23.1        |
-----------------------------------------
-----------------------------------------
| time/                   |             |
|    fps                  | 4547        |
|    iterations           | 4           |
|    time_elapsed         | 1           |
|    total_timesteps      | 8192        |
| train/                  |             |
|    approx_kl            | 0.012526573 |
|    clip_fraction        | 0.0886      |
|    clip_range           | 0.2         |
|    entropy_loss         | -1.37       |
|    explained_variance   | -0.0133     |
|    learning_rate        | 0.0003      |
|    loss                 | 3.29        |
|    n_updates            | 30          |
|    policy_gradient_loss | -0.00965    |
|    std                  | 0.948       |
|    value_loss           | 34          |
-----------------------------------------
----------------------------------------
| time/                   |            |
|    fps                  | 4430       |
|    iterations           | 5          |
|    time_elapsed         | 2          |
|    total_timesteps      | 10240      |
| train/                  |            |
|    approx_kl            | 0.01200343 |
|    clip_fraction        | 0.157      |
|    clip_range           | 0.2        |
|    entropy_loss         | -1.36      |
|    explained_variance   | -0.00919   |
|    learning_rate        | 0.0003     |
|    loss                 | 2.38       |
|    n_updates            | 40         |
|    policy_gradient_loss | -0.0197    |
|    std                  | 0.933      |
|    value_loss           | 27.4       |
----------------------------------------
-----------------------------------------
| time/                   |             |
|    fps                  | 4357        |
|    iterations           | 6           |
|    time_elapsed         | 2           |
|    total_timesteps      | 12288       |
| train/                  |             |
|    approx_kl            | 0.011035869 |
|    clip_fraction        | 0.141       |
|    clip_range           | 0.2         |
|    entropy_loss         | -1.34       |
|    explained_variance   | -0.00603    |
|    learning_rate        | 0.0003      |
|    loss                 | 2.41        |
|    n_updates            | 50          |
|    policy_gradient_loss | -0.0183     |
|    std                  | 0.915       |
|    value_loss           | 30          |
-----------------------------------------
-----------------------------------------
| time/                   |             |
|    fps                  | 4307        |
|    iterations           | 7           |
|    time_elapsed         | 3           |
|    total_timesteps      | 14336       |
| train/                  |             |
|    approx_kl            | 0.011119031 |
|    clip_fraction        | 0.119       |
|    clip_range           | 0.2         |
|    entropy_loss         | -1.32       |
|    explained_variance   | -0.00315    |
|    learning_rate        | 0.0003      |
|    loss                 | 1.43        |
|    n_updates            | 60          |
|    policy_gradient_loss | -0.0152     |
|    std                  | 0.892       |
|    value_loss           | 25.3        |
-----------------------------------------
-----------------------------------------
| time/                   |             |
|    fps                  | 4265        |
|    iterations           | 8           |
|    time_elapsed         | 3           |
|    total_timesteps      | 16384       |
| train/                  |             |
|    approx_kl            | 0.008991039 |
|    clip_fraction        | 0.0788      |
|    clip_range           | 0.2         |
|    entropy_loss         | -1.29       |
|    explained_variance   | -0.00661    |
|    learning_rate        | 0.0003      |
|    loss                 | 0.935       |
|    n_updates            | 70          |
|    policy_gradient_loss | -0.0126     |
|    std                  | 0.861       |
|    value_loss           | 21.5        |
-----------------------------------------
----------------------------------------
| time/                   |            |
|    fps                  | 4228       |
|    iterations           | 9          |
|    time_elapsed         | 4          |
|    total_timesteps      | 18432      |
| train/                  |            |
|    approx_kl            | 0.00722106 |
|    clip_fraction        | 0.0705     |
|    clip_range           | 0.2        |
|    entropy_loss         | -1.26      |
|    explained_variance   | -0.00198   |
|    learning_rate        | 0.0003     |
|    loss                 | 0.744      |
|    n_updates            | 80         |
|    policy_gradient_loss | -0.0101    |
|    std                  | 0.837      |
|    value_loss           | 19.4       |
----------------------------------------
-----------------------------------------
| time/                   |             |
|    fps                  | 4198        |
|    iterations           | 10          |
|    time_elapsed         | 4           |
|    total_timesteps      | 20480       |
| train/                  |             |
|    approx_kl            | 0.009133964 |
|    clip_fraction        | 0.075       |
|    clip_range           | 0.2         |
|    entropy_loss         | -1.23       |
|    explained_variance   | -0.000472   |
|    learning_rate        | 0.0003      |
|    loss                 | 0.875       |
|    n_updates            | 90          |
|    policy_gradient_loss | -0.0109     |
|    std                  | 0.803       |
|    value_loss           | 13.6        |
-----------------------------------------
-----------------------------------------
| time/                   |             |
|    fps                  | 4178        |
|    iterations           | 11          |
|    time_elapsed         | 5           |
|    total_timesteps      | 22528       |
| train/                  |             |
|    approx_kl            | 0.010094944 |
|    clip_fraction        | 0.088       |
|    clip_range           | 0.2         |
|    entropy_loss         | -1.19       |
|    explained_variance   | -0.00406    |
|    learning_rate        | 0.0003      |
|    loss                 | 0.358       |
|    n_updates            | 100         |
|    policy_gradient_loss | -0.0124     |
|    std                  | 0.783       |
|    value_loss           | 10.6        |
-----------------------------------------
----------------------------------------
| time/                   |            |
|    fps                  | 4158       |
|    iterations           | 12         |
|    time_elapsed         | 5          |
|    total_timesteps      | 24576      |
| train/                  |            |
|    approx_kl            | 0.00558123 |
|    clip_fraction        | 0.0364     |
|    clip_range           | 0.2        |
|    entropy_loss         | -1.16      |
|    explained_variance   | -0.000781  |
|    learning_rate        | 0.0003     |
|    loss                 | 0.138      |
|    n_updates            | 110        |
|    policy_gradient_loss | -0.00284   |
|    std                  | 0.757      |
|    value_loss           | 7.36       |
----------------------------------------
------------------------------------------
| time/                   |              |
|    fps                  | 4142         |
|    iterations           | 13           |
|    time_elapsed         | 6            |
|    total_timesteps      | 26624        |
| train/                  |              |
|    approx_kl            | 0.0038576657 |
|    clip_fraction        | 0.045        |
|    clip_range           | 0.2          |
|    entropy_loss         | -1.13        |
|    explained_variance   | -0.00184     |
|    learning_rate        | 0.0003       |
|    loss                 | 0.0923       |
|    n_updates            | 120          |
|    policy_gradient_loss | -0.000578    |
|    std                  | 0.731        |
|    value_loss           | 4.35         |
------------------------------------------
-----------------------------------------
| time/                   |             |
|    fps                  | 4125        |
|    iterations           | 14          |
|    time_elapsed         | 6           |
|    total_timesteps      | 28672       |
| train/                  |             |
|    approx_kl            | 0.004756932 |
|    clip_fraction        | 0.0244      |
|    clip_range           | 0.2         |
|    entropy_loss         | -1.09       |
|    explained_variance   | -0.00201    |
|    learning_rate        | 0.0003      |
|    loss                 | 0.2         |
|    n_updates            | 130         |
|    policy_gradient_loss | -0.0019     |
|    std                  | 0.708       |
|    value_loss           | 2.61        |
-----------------------------------------
------------------------------------------
| time/                   |              |
|    fps                  | 4110         |
|    iterations           | 15           |
|    time_elapsed         | 7            |
|    total_timesteps      | 30720        |
| train/                  |              |
|    approx_kl            | 0.0057879346 |
|    clip_fraction        | 0.0578       |
|    clip_range           | 0.2          |
|    entropy_loss         | -1.07        |
|    explained_variance   | -0.000576    |
|    learning_rate        | 0.0003       |
|    loss                 | 0.0975       |
|    n_updates            | 140          |
|    policy_gradient_loss | -0.00344     |
|    std                  | 0.698        |
|    value_loss           | 1.64         |
------------------------------------------
-----------------------------------------
| time/                   |             |
|    fps                  | 4098        |
|    iterations           | 16          |
|    time_elapsed         | 7           |
|    total_timesteps      | 32768       |
| train/                  |             |
|    approx_kl            | 0.004519311 |
|    clip_fraction        | 0.0439      |
|    clip_range           | 0.2         |
|    entropy_loss         | -1.05       |
|    explained_variance   | 3.04e-06    |
|    learning_rate        | 0.0003      |
|    loss                 | 0.0406      |
|    n_updates            | 150         |
|    policy_gradient_loss | -0.00429    |
|    std                  | 0.69        |
|    value_loss           | 1.1         |
-----------------------------------------
------------------------------------------
| time/                   |              |
|    fps                  | 4087         |
|    iterations           | 17           |
|    time_elapsed         | 8            |
|    total_timesteps      | 34816        |
| train/                  |              |
|    approx_kl            | 0.0034852754 |
|    clip_fraction        | 0.0262       |
|    clip_range           | 0.2          |
|    entropy_loss         | -1.05        |
|    explained_variance   | -1.19e-05    |
|    learning_rate        | 0.0003       |
|    loss                 | 0.00638      |
|    n_updates            | 160          |
|    policy_gradient_loss | -0.000542    |
|    std                  | 0.696        |
|    value_loss           | 0.665        |
------------------------------------------
------------------------------------------
| time/                   |              |
|    fps                  | 4076         |
|    iterations           | 18           |
|    time_elapsed         | 9            |
|    total_timesteps      | 36864        |
| train/                  |              |
|    approx_kl            | 0.0021195267 |
|    clip_fraction        | 0.0167       |
|    clip_range           | 0.2          |
|    entropy_loss         | -1.04        |
|    explained_variance   | 0.00127      |
|    learning_rate        | 0.0003       |
|    loss                 | 0.00795      |
|    n_updates            | 170          |
|    policy_gradient_loss | -0.000365    |
|    std                  | 0.676        |
|    value_loss           | 0.374        |
------------------------------------------
------------------------------------------
| time/                   |              |
|    fps                  | 4067         |
|    iterations           | 19           |
|    time_elapsed         | 9            |
|    total_timesteps      | 38912        |
| train/                  |              |
|    approx_kl            | 0.0048989872 |
|    clip_fraction        | 0.0292       |
|    clip_range           | 0.2          |
|    entropy_loss         | -1.03        |
|    explained_variance   | -0.000153    |
|    learning_rate        | 0.0003       |
|    loss                 | 0.0163       |
|    n_updates            | 180          |
|    policy_gradient_loss | 9.44e-05     |
|    std                  | 0.68         |
|    value_loss           | 0.222        |
------------------------------------------
-----------------------------------------
| time/                   |             |
|    fps                  | 4059        |
|    iterations           | 20          |
|    time_elapsed         | 10          |
|    total_timesteps      | 40960       |
| train/                  |             |
|    approx_kl            | 0.005540977 |
|    clip_fraction        | 0.0363      |
|    clip_range           | 0.2         |
|    entropy_loss         | -1.03       |
|    explained_variance   | -1.1e-05    |
|    learning_rate        | 0.0003      |
|    loss                 | 0.033       |
|    n_updates            | 190         |
|    policy_gradient_loss | -0.00326    |
|    std                  | 0.678       |
|    value_loss           | 0.165       |
-----------------------------------------
-----------------------------------------
| time/                   |             |
|    fps                  | 4053        |
|    iterations           | 21          |
|    time_elapsed         | 10          |
|    total_timesteps      | 43008       |
| train/                  |             |
|    approx_kl            | 0.004681915 |
|    clip_fraction        | 0.0643      |
|    clip_range           | 0.2         |
|    entropy_loss         | -1.03       |
|    explained_variance   | -3.73e-05   |
|    learning_rate        | 0.0003      |
|    loss                 | 0.0116      |
|    n_updates            | 200         |
|    policy_gradient_loss | -0.00342    |
|    std                  | 0.685       |
|    value_loss           | 0.0865      |
-----------------------------------------
------------------------------------------
| time/                   |              |
|    fps                  | 4045         |
|    iterations           | 22           |
|    time_elapsed         | 11           |
|    total_timesteps      | 45056        |
| train/                  |              |
|    approx_kl            | 0.0037232495 |
|    clip_fraction        | 0.0225       |
|    clip_range           | 0.2          |
|    entropy_loss         | -1.04        |
|    explained_variance   | -0.00178     |
|    learning_rate        | 0.0003       |
|    loss                 | 0.0224       |
|    n_updates            | 210          |
|    policy_gradient_loss | 0.00136      |
|    std                  | 0.69         |
|    value_loss           | 0.064        |
------------------------------------------
------------------------------------------
| time/                   |              |
|    fps                  | 4038         |
|    iterations           | 23           |
|    time_elapsed         | 11           |
|    total_timesteps      | 47104        |
| train/                  |              |
|    approx_kl            | 0.0050139576 |
|    clip_fraction        | 0.0456       |
|    clip_range           | 0.2          |
|    entropy_loss         | -1.04        |
|    explained_variance   | 4.23e-05     |
|    learning_rate        | 0.0003       |
|    loss                 | 0.00993      |
|    n_updates            | 220          |
|    policy_gradient_loss | -0.0031      |
|    std                  | 0.682        |
|    value_loss           | 0.0564       |
------------------------------------------
-----------------------------------------
| time/                   |             |
|    fps                  | 4029        |
|    iterations           | 24          |
|    time_elapsed         | 12          |
|    total_timesteps      | 49152       |
| train/                  |             |
|    approx_kl            | 0.004431789 |
|    clip_fraction        | 0.0341      |
|    clip_range           | 0.2         |
|    entropy_loss         | -1.03       |
|    explained_variance   | 0.000126    |
|    learning_rate        | 0.0003      |
|    loss                 | 0.00866     |
|    n_updates            | 230         |
|    policy_gradient_loss | -0.00245    |
|    std                  | 0.675       |
|    value_loss           | 0.0383      |
-----------------------------------------
------------------------------------------
| time/                   |              |
|    fps                  | 4025         |
|    iterations           | 25           |
|    time_elapsed         | 12           |
|    total_timesteps      | 51200        |
| train/                  |              |
|    approx_kl            | 0.0003754427 |
|    clip_fraction        | 0.0204       |
|    clip_range           | 0.2          |
|    entropy_loss         | -1.03        |
|    explained_variance   | 0.00394      |
|    learning_rate        | 0.0003       |
|    loss                 | 0.000178     |
|    n_updates            | 240          |
|    policy_gradient_loss | 0.00131      |
|    std                  | 0.675        |
|    value_loss           | 0.0138       |
------------------------------------------
------------------------------------------
| time/                   |              |
|    fps                  | 4019         |
|    iterations           | 26           |
|    time_elapsed         | 13           |
|    total_timesteps      | 53248        |
| train/                  |              |
|    approx_kl            | 0.0012450588 |
|    clip_fraction        | 0.0242       |
|    clip_range           | 0.2          |
|    entropy_loss         | -1.04        |
|    explained_variance   | -0.003       |
|    learning_rate        | 0.0003       |
|    loss                 | -0.0021      |
|    n_updates            | 250          |
|    policy_gradient_loss | 0.00143      |
|    std                  | 0.69         |
|    value_loss           | 0.0187       |
------------------------------------------
-----------------------------------------
| time/                   |             |
|    fps                  | 4010        |
|    iterations           | 27          |
|    time_elapsed         | 13          |
|    total_timesteps      | 55296       |
| train/                  |             |
|    approx_kl            | 0.004215519 |
|    clip_fraction        | 0.0236      |
|    clip_range           | 0.2         |
|    entropy_loss         | -1.02       |
|    explained_variance   | -0.00317    |
|    learning_rate        | 0.0003      |
|    loss                 | 0.0206      |
|    n_updates            | 260         |
|    policy_gradient_loss | -0.00306    |
|    std                  | 0.659       |
|    value_loss           | 0.0512      |
-----------------------------------------
-----------------------------------------
| time/                   |             |
|    fps                  | 4004        |
|    iterations           | 28          |
|    time_elapsed         | 14          |
|    total_timesteps      | 57344       |
| train/                  |             |
|    approx_kl            | 0.005345743 |
|    clip_fraction        | 0.0565      |
|    clip_range           | 0.2         |
|    entropy_loss         | -1.01       |
|    explained_variance   | -0.00166    |
|    learning_rate        | 0.0003      |
|    loss                 | 0.00235     |
|    n_updates            | 270         |
|    policy_gradient_loss | -0.00145    |
|    std                  | 0.667       |
|    value_loss           | 0.0568      |
-----------------------------------------
----------------------------------------
| time/                   |            |
|    fps                  | 3998       |
|    iterations           | 29         |
|    time_elapsed         | 14         |
|    total_timesteps      | 59392      |
| train/                  |            |
|    approx_kl            | 0.00376973 |
|    clip_fraction        | 0.0923     |
|    clip_range           | 0.2        |
|    entropy_loss         | -1.01      |
|    explained_variance   | -0.000464  |
|    learning_rate        | 0.0003     |
|    loss                 | -0.0163    |
|    n_updates            | 280        |
|    policy_gradient_loss | -0.00375   |
|    std                  | 0.664      |
|    value_loss           | 0.0105     |
----------------------------------------
------------------------------------------
| time/                   |              |
|    fps                  | 3993         |
|    iterations           | 30           |
|    time_elapsed         | 15           |
|    total_timesteps      | 61440        |
| train/                  |              |
|    approx_kl            | 0.0024204268 |
|    clip_fraction        | 0.0348       |
|    clip_range           | 0.2          |
|    entropy_loss         | -1.02        |
|    explained_variance   | 0.000977     |
|    learning_rate        | 0.0003       |
|    loss                 | 0.00215      |
|    n_updates            | 290          |
|    policy_gradient_loss | 0.00038      |
|    std                  | 0.677        |
|    value_loss           | 0.00158      |
------------------------------------------
------------------------------------------
| time/                   |              |
|    fps                  | 3988         |
|    iterations           | 31           |
|    time_elapsed         | 15           |
|    total_timesteps      | 63488        |
| train/                  |              |
|    approx_kl            | 0.0028513642 |
|    clip_fraction        | 0.0539       |
|    clip_range           | 0.2          |
|    entropy_loss         | -1.04        |
|    explained_variance   | 0.00283      |
|    learning_rate        | 0.0003       |
|    loss                 | -0.0018      |
|    n_updates            | 300          |
|    policy_gradient_loss | -0.000929    |
|    std                  | 0.688        |
|    value_loss           | 0.000982     |
------------------------------------------
-----------------------------------------
| time/                   |             |
|    fps                  | 3982        |
|    iterations           | 32          |
|    time_elapsed         | 16          |
|    total_timesteps      | 65536       |
| train/                  |             |
|    approx_kl            | 0.008613991 |
|    clip_fraction        | 0.0636      |
|    clip_range           | 0.2         |
|    entropy_loss         | -1.06       |
|    explained_variance   | -0.000636   |
|    learning_rate        | 0.0003      |
|    loss                 | -0.00369    |
|    n_updates            | 310         |
|    policy_gradient_loss | -0.000669   |
|    std                  | 0.71        |
|    value_loss           | 0.00443     |
-----------------------------------------
-------------------------------------------
| rollout/                |               |
|    ep_len_mean          | 6.61e+04      |
|    ep_rew_mean          | 6.13e+04      |
| time/                   |               |
|    fps                  | 3977          |
|    iterations           | 33            |
|    time_elapsed         | 16            |
|    total_timesteps      | 67584         |
| train/                  |               |
|    approx_kl            | 0.00031150656 |
|    clip_fraction        | 0.0134        |
|    clip_range           | 0.2           |
|    entropy_loss         | -1.08         |
|    explained_variance   | -3.24e-05     |
|    learning_rate        | 0.0003        |
|    loss                 | 0.00535       |
|    n_updates            | 320           |
|    policy_gradient_loss | 0.00179       |
|    std                  | 0.715         |
|    value_loss           | 0.00859       |
-------------------------------------------
------------------------------------------
| rollout/                |              |
|    ep_len_mean          | 6.61e+04     |
|    ep_rew_mean          | 6.13e+04     |
| time/                   |              |
|    fps                  | 3973         |
|    iterations           | 34           |
|    time_elapsed         | 17           |
|    total_timesteps      | 69632        |
| train/                  |              |
|    approx_kl            | 0.0057208273 |
|    clip_fraction        | 0.0277       |
|    clip_range           | 0.2          |
|    entropy_loss         | -1.08        |
|    explained_variance   | -0.00139     |
|    learning_rate        | 0.0003       |
|    loss                 | 74.9         |
|    n_updates            | 330          |
|    policy_gradient_loss | -0.00031     |
|    std                  | 0.716        |
|    value_loss           | 40.3         |
------------------------------------------
-----------------------------------------
| rollout/                |             |
|    ep_len_mean          | 6.61e+04    |
|    ep_rew_mean          | 6.13e+04    |
| time/                   |             |
|    fps                  | 3971        |
|    iterations           | 35          |
|    time_elapsed         | 18          |
|    total_timesteps      | 71680       |
| train/                  |             |
|    approx_kl            | 0.005154274 |
|    clip_fraction        | 0.0303      |
|    clip_range           | 0.2         |
|    entropy_loss         | -1.09       |
|    explained_variance   | -0.000251   |
|    learning_rate        | 0.0003      |
|    loss                 | 0.0133      |
|    n_updates            | 340         |
|    policy_gradient_loss | -0.0011     |
|    std                  | 0.72        |
|    value_loss           | 0.0494      |
-----------------------------------------
-----------------------------------------
| rollout/                |             |
|    ep_len_mean          | 6.61e+04    |
|    ep_rew_mean          | 6.13e+04    |
| time/                   |             |
|    fps                  | 3968        |
|    iterations           | 36          |
|    time_elapsed         | 18          |
|    total_timesteps      | 73728       |
| train/                  |             |
|    approx_kl            | 0.005672754 |
|    clip_fraction        | 0.0375      |
|    clip_range           | 0.2         |
|    entropy_loss         | -1.09       |
|    explained_variance   | 1.19e-06    |
|    learning_rate        | 0.0003      |
|    loss                 | 0.014       |
|    n_updates            | 350         |
|    policy_gradient_loss | -0.0022     |
|    std                  | 0.718       |
|    value_loss           | 0.0241      |
-----------------------------------------
------------------------------------------
| rollout/                |              |
|    ep_len_mean          | 6.61e+04     |
|    ep_rew_mean          | 6.13e+04     |
| time/                   |              |
|    fps                  | 3965         |
|    iterations           | 37           |
|    time_elapsed         | 19           |
|    total_timesteps      | 75776        |
| train/                  |              |
|    approx_kl            | 0.0060315365 |
|    clip_fraction        | 0.122        |
|    clip_range           | 0.2          |
|    entropy_loss         | -1.09        |
|    explained_variance   | -0.000131    |
|    learning_rate        | 0.0003       |
|    loss                 | 0.0164       |
|    n_updates            | 360          |
|    policy_gradient_loss | -0.00794     |
|    std                  | 0.719        |
|    value_loss           | 0.0493       |
------------------------------------------
-----------------------------------------
| rollout/                |             |
|    ep_len_mean          | 6.61e+04    |
|    ep_rew_mean          | 6.13e+04    |
| time/                   |             |
|    fps                  | 3963        |
|    iterations           | 38          |
|    time_elapsed         | 19          |
|    total_timesteps      | 77824       |
| train/                  |             |
|    approx_kl            | 0.005676577 |
|    clip_fraction        | 0.0497      |
|    clip_range           | 0.2         |
|    entropy_loss         | -1.09       |
|    explained_variance   | 5.3e-05     |
|    learning_rate        | 0.0003      |
|    loss                 | -0.0141     |
|    n_updates            | 370         |
|    policy_gradient_loss | -0.000931   |
|    std                  | 0.719       |
|    value_loss           | 0.00853     |
-----------------------------------------
-----------------------------------------
| rollout/                |             |
|    ep_len_mean          | 6.61e+04    |
|    ep_rew_mean          | 6.13e+04    |
| time/                   |             |
|    fps                  | 3960        |
|    iterations           | 39          |
|    time_elapsed         | 20          |
|    total_timesteps      | 79872       |
| train/                  |             |
|    approx_kl            | 0.002263266 |
|    clip_fraction        | 0.0202      |
|    clip_range           | 0.2         |
|    entropy_loss         | -1.09       |
|    explained_variance   | 0.000222    |
|    learning_rate        | 0.0003      |
|    loss                 | -0.00573    |
|    n_updates            | 380         |
|    policy_gradient_loss | 0.00203     |
|    std                  | 0.722       |
|    value_loss           | 0.0161      |
-----------------------------------------
------------------------------------------
| rollout/                |              |
|    ep_len_mean          | 6.61e+04     |
|    ep_rew_mean          | 6.13e+04     |
| time/                   |              |
|    fps                  | 3948         |
|    iterations           | 40           |
|    time_elapsed         | 20           |
|    total_timesteps      | 81920        |
| train/                  |              |
|    approx_kl            | 0.0087658595 |
|    clip_fraction        | 0.0737       |
|    clip_range           | 0.2          |
|    entropy_loss         | -1.09        |
|    explained_variance   | -0.000172    |
|    learning_rate        | 0.0003       |
|    loss                 | 0.0221       |
|    n_updates            | 390          |
|    policy_gradient_loss | -0.00444     |
|    std                  | 0.722        |
|    value_loss           | 0.0342       |
------------------------------------------
-----------------------------------------
| rollout/                |             |
|    ep_len_mean          | 6.61e+04    |
|    ep_rew_mean          | 6.13e+04    |
| time/                   |             |
|    fps                  | 3947        |
|    iterations           | 41          |
|    time_elapsed         | 21          |
|    total_timesteps      | 83968       |
| train/                  |             |
|    approx_kl            | 0.004084169 |
|    clip_fraction        | 0.0235      |
|    clip_range           | 0.2         |
|    entropy_loss         | -1.08       |
|    explained_variance   | 0.000162    |
|    learning_rate        | 0.0003      |
|    loss                 | 0.0132      |
|    n_updates            | 400         |
|    policy_gradient_loss | -0.00142    |
|    std                  | 0.703       |
|    value_loss           | 0.0317      |
-----------------------------------------
-----------------------------------------
| rollout/                |             |
|    ep_len_mean          | 6.61e+04    |
|    ep_rew_mean          | 6.13e+04    |
| time/                   |             |
|    fps                  | 3947        |
|    iterations           | 42          |
|    time_elapsed         | 21          |
|    total_timesteps      | 86016       |
| train/                  |             |
|    approx_kl            | 0.004823317 |
|    clip_fraction        | 0.0553      |
|    clip_range           | 0.2         |
|    entropy_loss         | -1.07       |
|    explained_variance   | -0.00351    |
|    learning_rate        | 0.0003      |
|    loss                 | -0.00132    |
|    n_updates            | 410         |
|    policy_gradient_loss | 0.000941    |
|    std                  | 0.711       |
|    value_loss           | 0.000188    |
-----------------------------------------
------------------------------------------
| rollout/                |              |
|    ep_len_mean          | 6.61e+04     |
|    ep_rew_mean          | 6.13e+04     |
| time/                   |              |
|    fps                  | 3947         |
|    iterations           | 43           |
|    time_elapsed         | 22           |
|    total_timesteps      | 88064        |
| train/                  |              |
|    approx_kl            | 0.0015414627 |
|    clip_fraction        | 0.0296       |
|    clip_range           | 0.2          |
|    entropy_loss         | -1.08        |
|    explained_variance   | -0.000211    |
|    learning_rate        | 0.0003       |
|    loss                 | -0.00734     |
|    n_updates            | 420          |
|    policy_gradient_loss | -0.00054     |
|    std                  | 0.718        |
|    value_loss           | 0.00428      |
------------------------------------------
------------------------------------------
| rollout/                |              |
|    ep_len_mean          | 6.61e+04     |
|    ep_rew_mean          | 6.13e+04     |
| time/                   |              |
|    fps                  | 3946         |
|    iterations           | 44           |
|    time_elapsed         | 22           |
|    total_timesteps      | 90112        |
| train/                  |              |
|    approx_kl            | 0.0066929236 |
|    clip_fraction        | 0.135        |
|    clip_range           | 0.2          |
|    entropy_loss         | -1.09        |
|    explained_variance   | -0.000236    |
|    learning_rate        | 0.0003       |
|    loss                 | 0.00412      |
|    n_updates            | 430          |
|    policy_gradient_loss | 0.000739     |
|    std                  | 0.727        |
|    value_loss           | 0.00426      |
------------------------------------------
------------------------------------------
| rollout/                |              |
|    ep_len_mean          | 6.61e+04     |
|    ep_rew_mean          | 6.13e+04     |
| time/                   |              |
|    fps                  | 3944         |
|    iterations           | 45           |
|    time_elapsed         | 23           |
|    total_timesteps      | 92160        |
| train/                  |              |
|    approx_kl            | 0.0016086558 |
|    clip_fraction        | 0.0899       |
|    clip_range           | 0.2          |
|    entropy_loss         | -1.11        |
|    explained_variance   | 0.000218     |
|    learning_rate        | 0.0003       |
|    loss                 | -0.00433     |
|    n_updates            | 440          |
|    policy_gradient_loss | 0.000345     |
|    std                  | 0.74         |
|    value_loss           | 0.00426      |
------------------------------------------
-----------------------------------------
| rollout/                |             |
|    ep_len_mean          | 6.61e+04    |
|    ep_rew_mean          | 6.13e+04    |
| time/                   |             |
|    fps                  | 3944        |
|    iterations           | 46          |
|    time_elapsed         | 23          |
|    total_timesteps      | 94208       |
| train/                  |             |
|    approx_kl            | 0.010346714 |
|    clip_fraction        | 0.0644      |
|    clip_range           | 0.2         |
|    entropy_loss         | -1.13       |
|    explained_variance   | 0.000366    |
|    learning_rate        | 0.0003      |
|    loss                 | -0.0152     |
|    n_updates            | 450         |
|    policy_gradient_loss | -0.00161    |
|    std                  | 0.753       |
|    value_loss           | 0.00824     |
-----------------------------------------
------------------------------------------
| rollout/                |              |
|    ep_len_mean          | 6.61e+04     |
|    ep_rew_mean          | 6.13e+04     |
| time/                   |              |
|    fps                  | 3945         |
|    iterations           | 47           |
|    time_elapsed         | 24           |
|    total_timesteps      | 96256        |
| train/                  |              |
|    approx_kl            | 0.0062671877 |
|    clip_fraction        | 0.0523       |
|    clip_range           | 0.2          |
|    entropy_loss         | -1.15        |
|    explained_variance   | -0.0127      |
|    learning_rate        | 0.0003       |
|    loss                 | 0.0404       |
|    n_updates            | 460          |
|    policy_gradient_loss | -0.00165     |
|    std                  | 0.773        |
|    value_loss           | 3.02e-05     |
------------------------------------------
------------------------------------------
| rollout/                |              |
|    ep_len_mean          | 6.61e+04     |
|    ep_rew_mean          | 6.13e+04     |
| time/                   |              |
|    fps                  | 3945         |
|    iterations           | 48           |
|    time_elapsed         | 24           |
|    total_timesteps      | 98304        |
| train/                  |              |
|    approx_kl            | 0.0020924185 |
|    clip_fraction        | 0.0538       |
|    clip_range           | 0.2          |
|    entropy_loss         | -1.17        |
|    explained_variance   | -1.39e-05    |
|    learning_rate        | 0.0003       |
|    loss                 | -0.0141      |
|    n_updates            | 470          |
|    policy_gradient_loss | 0.00038      |
|    std                  | 0.793        |
|    value_loss           | 0.00419      |
------------------------------------------
-----------------------------------------
| rollout/                |             |
|    ep_len_mean          | 6.61e+04    |
|    ep_rew_mean          | 6.13e+04    |
| time/                   |             |
|    fps                  | 3943        |
|    iterations           | 49          |
|    time_elapsed         | 25          |
|    total_timesteps      | 100352      |
| train/                  |             |
|    approx_kl            | 0.018541265 |
|    clip_fraction        | 0.155       |
|    clip_range           | 0.2         |
|    entropy_loss         | -1.19       |
|    explained_variance   | -9.37e-05   |
|    learning_rate        | 0.0003      |
|    loss                 | -0.00433    |
|    n_updates            | 480         |
|    policy_gradient_loss | 5.41e-05    |
|    std                  | 0.801       |
|    value_loss           | 1.65e-05    |
-----------------------------------------
✅ Advanced RL model trained & saved!
